<?xml version="1.0" encoding="UTF-8"?>
<!-- Generated by org.testng.reporters.JUnitReportReporter -->
<testsuite hostname="LAPTOP-12H40R3L" failures="0" tests="1" name="com.herokuapp.theinternet.PositiveTests" time="6.965" errors="0" timestamp="2023-12-18T12:54:53 IST" skipped="0">
  <testcase classname="com.herokuapp.theinternet.PositiveTests" name="loginTest" time="6.965"/>
</testsuite> <!-- com.herokuapp.theinternet.PositiveTests -->
